DeviceList/build/intermediates/manifest_merge_blame_file/debug/manifest-merger-blame-debug-report.txt
1<?xml version="1.0" encoding="utf-8"?>
2<manifest xmlns:android="http://schemas.android.com/apk/res/android"
3    package="com.uk.tsl.rfid.devicelist" >
4
5    <uses-sdk
6        android:minSdkVersion="14"
6-->src/main/AndroidManifest.xml
7        android:targetSdkVersion="28" />
7-->src/main/AndroidManifest.xml
8
9    <application android:allowBackup="true" >
9-->src/main/AndroidManifest.xml:5:5-13:19
9-->src/main/AndroidManifest.xml:6:9-35
10        <activity
10-->src/main/AndroidManifest.xml:8:9-12:20
11            android:name="com.uk.tsl.rfid.DeviceListActivity"
11-->src/main/AndroidManifest.xml:8:19-68
12            android:configChanges="keyboardHidden|orientation"
12-->src/main/AndroidManifest.xml:10:14-64
13            android:label="@string/select_reader"
13-->src/main/AndroidManifest.xml:11:14-51
14            android:theme="@android:style/Theme.DeviceDefault.Light" >
14-->src/main/AndroidManifest.xml:9:14-70
15        </activity>
16    </application>
17
18</manifest>